# JRE version: Java(TM) SE Runtime Environment (19.0.1+10) (build 19.0.1+10-21)
# Java VM: Java HotSpot(TM) 64-Bit Server VM (19.0.1+10-21, mixed mode, sharing, tiered, compressed oops, compressed class ptrs, g1 gc, windows-amd64)
GC Precious Log:
 CardTable entry size: 512
 Card Set container configuration: InlinePtr #cards 5 size 8 Array Of Cards #cards 12 size 40 Howl #buckets 4 coarsen threshold 1843 Howl Bitmap #cards 512 size 80 coarsen threshold 460 Card regions per heap region 1 cards per card region 2048
 CPUs: 12 total, 12 available
 Memory: 7514M
 Large Page Support: Disabled
 NUMA Support: Disabled
 Compressed Oops: Enabled (32-bit)
 Heap Region Size: 1M
 Heap Min Capacity: 8M
 Heap Initial Capacity: 118M
 Heap Max Capacity: 1880M
 Pre-touch: Disabled
 Parallel Workers: 10
 Concurrent Workers: 3
 Concurrent Refinement Workers: 10
 Periodic GC: Disabled
Heap:
 garbage-first heap   total 75776K, used 38106K [0x000000008a800000, 0x0000000100000000)
  region size 1024K, 18 young (18432K), 4 survivors (4096K)
 Metaspace       used 58388K, committed 58880K, reserved 1114112K
  class space    used 7191K, committed 7424K, reserved 1048576K
GC Heap History (20 events):
Event: 7.944 GC heap before
{Heap before GC invocations=17 (full 0):
 garbage-first heap   total 63488K, used 49871K [0x000000008a800000, 0x0000000100000000)
  region size 1024K, 31 young (31744K), 2 survivors (2048K)
 Metaspace       used 45724K, committed 46144K, reserved 1114112K
  class space    used 5797K, committed 6016K, reserved 1048576K
}
Event: 7.947 GC heap after
{Heap after GC invocations=18 (full 0):
 garbage-first heap   total 126976K, used 19757K [0x000000008a800000, 0x0000000100000000)
  region size 1024K, 2 young (2048K), 2 survivors (2048K)
 Metaspace       used 45724K, committed 46144K, reserved 1114112K
  class space    used 5797K, committed 6016K, reserved 1048576K
}
Event: 9.323 GC heap before
{Heap before GC invocations=18 (full 0):
 garbage-first heap   total 126976K, used 93485K [0x000000008a800000, 0x0000000100000000)
  region size 1024K, 74 young (75776K), 2 survivors (2048K)
 Metaspace       used 52060K, committed 52544K, reserved 1114112K
  class space    used 6613K, committed 6848K, reserved 1048576K
}
Event: 9.330 GC heap after
{Heap after GC invocations=19 (full 0):
 garbage-first heap   total 126976K, used 23271K [0x000000008a800000, 0x0000000100000000)
  region size 1024K, 6 young (6144K), 6 survivors (6144K)
 Metaspace       used 52060K, committed 52544K, reserved 1114112K
  class space    used 6613K, committed 6848K, reserved 1048576K
}
Event: 43.441 GC heap before
{Heap before GC invocations=19 (full 0):
 garbage-first heap   total 126976K, used 65255K [0x000000008a800000, 0x0000000100000000)
  region size 1024K, 48 young (49152K), 6 survivors (6144K)
 Metaspace       used 56521K, committed 56960K, reserved 1114112K
  class space    used 7140K, committed 7360K, reserved 1048576K
}
Event: 43.511 GC heap after
{Heap after GC invocations=20 (full 1):
 garbage-first heap   total 78848K, used 20956K [0x000000008a800000, 0x0000000100000000)
  region size 1024K, 0 young (0K), 0 survivors (0K)
 Metaspace       used 56521K, committed 56960K, reserved 1114112K
  class space    used 7140K, committed 7360K, reserved 1048576K
}
Event: 44.753 GC heap before
{Heap before GC invocations=20 (full 1):
 garbage-first heap   total 78848K, used 60892K [0x000000008a800000, 0x0000000100000000)
  region size 1024K, 39 young (39936K), 0 survivors (0K)
 Metaspace       used 56997K, committed 57408K, reserved 1114112K
  class space    used 7153K, committed 7360K, reserved 1048576K
}
Event: 44.758 GC heap after
{Heap after GC invocations=21 (full 1):
 garbage-first heap   total 78848K, used 24704K [0x000000008a800000, 0x0000000100000000)
  region size 1024K, 4 young (4096K), 4 survivors (4096K)
 Metaspace       used 56997K, committed 57408K, reserved 1114112K
  class space    used 7153K, committed 7360K, reserved 1048576K
}
Event: 62.628 GC heap before
{Heap before GC invocations=21 (full 1):
 garbage-first heap   total 78848K, used 34944K [0x000000008a800000, 0x0000000100000000)
  region size 1024K, 15 young (15360K), 4 survivors (4096K)
 Metaspace       used 57125K, committed 57664K, reserved 1114112K
  class space    used 7154K, committed 7424K, reserved 1048576K
}
Event: 62.686 GC heap after
{Heap after GC invocations=22 (full 2):
 garbage-first heap   total 78848K, used 21016K [0x000000008a800000, 0x0000000100000000)
  region size 1024K, 0 young (0K), 0 survivors (0K)
 Metaspace       used 57122K, committed 57664K, reserved 1114112K
  class space    used 7154K, committed 7424K, reserved 1048576K
}
Event: 63.839 GC heap before
{Heap before GC invocations=22 (full 2):
 garbage-first heap   total 78848K, used 59928K [0x000000008a800000, 0x0000000100000000)
  region size 1024K, 38 young (38912K), 0 survivors (0K)
 Metaspace       used 57599K, committed 58112K, reserved 1114112K
  class space    used 7165K, committed 7424K, reserved 1048576K
}
Event: 63.845 GC heap after
{Heap after GC invocations=23 (full 2):
 garbage-first heap   total 78848K, used 24555K [0x000000008a800000, 0x0000000100000000)
  region size 1024K, 4 young (4096K), 4 survivors (4096K)
 Metaspace       used 57599K, committed 58112K, reserved 1114112K
  class space    used 7165K, committed 7424K, reserved 1048576K
}
Event: 113.236 GC heap before
{Heap before GC invocations=23 (full 2):
 garbage-first heap   total 78848K, used 35819K [0x000000008a800000, 0x0000000100000000)
  region size 1024K, 16 young (16384K), 4 survivors (4096K)
 Metaspace       used 57687K, committed 58176K, reserved 1114112K
  class space    used 7167K, committed 7424K, reserved 1048576K
}
Event: 113.302 GC heap after
{Heap after GC invocations=24 (full 3):
 garbage-first heap   total 75776K, used 21155K [0x000000008a800000, 0x0000000100000000)
  region size 1024K, 0 young (0K), 0 survivors (0K)
 Metaspace       used 57684K, committed 58176K, reserved 1114112K
  class space    used 7167K, committed 7424K, reserved 1048576K
}
Event: 114.238 GC heap before
{Heap before GC invocations=24 (full 3):
 garbage-first heap   total 75776K, used 58019K [0x000000008a800000, 0x0000000100000000)
  region size 1024K, 36 young (36864K), 0 survivors (0K)
 Metaspace       used 57973K, committed 58496K, reserved 1114112K
  class space    used 7177K, committed 7424K, reserved 1048576K
}
Event: 114.243 GC heap after
{Heap after GC invocations=25 (full 3):
 garbage-first heap   total 75776K, used 24542K [0x000000008a800000, 0x0000000100000000)
  region size 1024K, 4 young (4096K), 4 survivors (4096K)
 Metaspace       used 57973K, committed 58496K, reserved 1114112K
  class space    used 7177K, committed 7424K, reserved 1048576K
}
Event: 136.175 GC heap before
{Heap before GC invocations=25 (full 3):
 garbage-first heap   total 75776K, used 36830K [0x000000008a800000, 0x0000000100000000)
  region size 1024K, 17 young (17408K), 4 survivors (4096K)
 Metaspace       used 58060K, committed 58560K, reserved 1114112K
  class space    used 7180K, committed 7424K, reserved 1048576K
}
Event: 136.234 GC heap after
{Heap after GC invocations=26 (full 4):
 garbage-first heap   total 75776K, used 21290K [0x000000008a800000, 0x0000000100000000)
  region size 1024K, 0 young (0K), 0 survivors (0K)
 Metaspace       used 58058K, committed 58560K, reserved 1114112K
  class space    used 7179K, committed 7424K, reserved 1048576K
}
Event: 137.131 GC heap before
{Heap before GC invocations=26 (full 4):
 garbage-first heap   total 75776K, used 57130K [0x000000008a800000, 0x0000000100000000)
  region size 1024K, 35 young (35840K), 0 survivors (0K)
 Metaspace       used 58300K, committed 58816K, reserved 1114112K
  class space    used 7190K, committed 7424K, reserved 1048576K
}
Event: 137.136 GC heap after
{Heap after GC invocations=27 (full 4):
 garbage-first heap   total 75776K, used 24794K [0x000000008a800000, 0x0000000100000000)
  region size 1024K, 4 young (4096K), 4 survivors (4096K)
 Metaspace       used 58300K, committed 58816K, reserved 1114112K
  class space    used 7190K, committed 7424K, reserved 1048576K
}

